<?xml version="1.0" encoding="UTF-8"?>
<testsuites>
  <testsuite name="/opt/project/tests" tests="1" assertions="5" errors="0" warnings="0" failures="0" skipped="0" time="0.167874">
    <testsuite name="Spatie\MyTile\Tests\TypeTest" file="/opt/project/tests/TypeTest.php" tests="1" assertions="5" errors="0" warnings="0" failures="0" skipped="0" time="0.167874">
      <testcase name="isValidTypeTest" class="Spatie\MyTile\Tests\TypeTest" classname="Spatie.MyTile.Tests.TypeTest" file="/opt/project/tests/TypeTest.php" line="12" assertions="5" time="0.167874"/>
    </testsuite>
  </testsuite>
</testsuites>
